[INFO] [2017-11-24 11:30:30][org.springframework.beans.factory.xml.XmlBeanDefinitionReader]Loading XML bean definitions from class path resource [META-INF/spring/root-context.xml]
[INFO] [2017-11-24 11:30:30][org.springframework.beans.factory.xml.XmlBeanDefinitionReader]Loading XML bean definitions from class path resource [META-INF/spring/datasource-tx-mybatis.xml]
[INFO] [2017-11-24 11:30:31][org.springframework.context.support.GenericApplicationContext]Refreshing org.springframework.context.support.GenericApplicationContext@5f375618: startup date [Fri Nov 24 11:30:31 CST 2017]; root of context hierarchy
[INFO] [2017-11-24 11:30:32][org.springframework.context.support.PropertySourcesPlaceholderConfigurer]Loading properties file from class path resource [jdbc.properties]
[INFO] [2017-11-24 11:30:32][org.springframework.beans.factory.annotation.AutowiredAnnotationBeanPostProcessor]JSR-330 'javax.inject.Inject' annotation found and supported for autowiring
[INFO] [2017-11-24 11:30:33][org.springframework.jdbc.datasource.embedded.EmbeddedDatabaseFactory]Creating embedded database 'dataSource'
[INFO] [2017-11-24 11:30:33][org.springframework.jdbc.datasource.init.ResourceDatabasePopulator]Executing SQL script from class path resource [META-INF/sql/schema.sql]
[INFO] [2017-11-24 11:30:34][org.springframework.jdbc.datasource.init.ResourceDatabasePopulator]Done executing SQL script from class path resource [META-INF/sql/schema.sql] in 101 ms.
[INFO] [2017-11-24 11:30:34][org.springframework.jdbc.datasource.init.ResourceDatabasePopulator]Executing SQL script from class path resource [META-INF/sql/test-data.sql]
[INFO] [2017-11-24 11:30:34][org.springframework.jdbc.datasource.init.ResourceDatabasePopulator]Done executing SQL script from class path resource [META-INF/sql/test-data.sql] in 15 ms.
[INFO] [2017-11-24 11:30:48][org.springframework.beans.factory.xml.XmlBeanDefinitionReader]Loading XML bean definitions from class path resource [META-INF/spring/root-context.xml]
[INFO] [2017-11-24 11:30:49][org.springframework.beans.factory.xml.XmlBeanDefinitionReader]Loading XML bean definitions from class path resource [META-INF/spring/datasource-tx-mybatis.xml]
[INFO] [2017-11-24 11:30:49][org.springframework.context.support.GenericApplicationContext]Refreshing org.springframework.context.support.GenericApplicationContext@5f375618: startup date [Fri Nov 24 11:30:49 CST 2017]; root of context hierarchy
[INFO] [2017-11-24 11:30:49][org.springframework.context.support.PropertySourcesPlaceholderConfigurer]Loading properties file from class path resource [jdbc.properties]
[INFO] [2017-11-24 11:30:49][org.springframework.beans.factory.annotation.AutowiredAnnotationBeanPostProcessor]JSR-330 'javax.inject.Inject' annotation found and supported for autowiring
[INFO] [2017-11-24 11:30:49][org.springframework.jdbc.datasource.embedded.EmbeddedDatabaseFactory]Creating embedded database 'dataSource'
[INFO] [2017-11-24 11:30:50][org.springframework.jdbc.datasource.init.ResourceDatabasePopulator]Executing SQL script from class path resource [META-INF/sql/schema.sql]
[INFO] [2017-11-24 11:30:50][org.springframework.jdbc.datasource.init.ResourceDatabasePopulator]Done executing SQL script from class path resource [META-INF/sql/schema.sql] in 106 ms.
[INFO] [2017-11-24 11:30:50][org.springframework.jdbc.datasource.init.ResourceDatabasePopulator]Executing SQL script from class path resource [META-INF/sql/test-data.sql]
[INFO] [2017-11-24 11:30:50][org.springframework.jdbc.datasource.init.ResourceDatabasePopulator]Done executing SQL script from class path resource [META-INF/sql/test-data.sql] in 5 ms.
[INFO] [2017-11-24 11:30:51][com.cat.rufull.test.TestMyBatis]User{id=1, userName='null', password='sfasgfaf', age=24}
[INFO] [2017-11-24 11:30:51][org.springframework.context.support.GenericApplicationContext]Closing org.springframework.context.support.GenericApplicationContext@5f375618: startup date [Fri Nov 24 11:30:49 CST 2017]; root of context hierarchy
[INFO] [2017-11-24 11:38:48][org.springframework.beans.factory.xml.XmlBeanDefinitionReader]Loading XML bean definitions from class path resource [META-INF/spring/root-context.xml]
[INFO] [2017-11-24 11:38:48][org.springframework.beans.factory.xml.XmlBeanDefinitionReader]Loading XML bean definitions from class path resource [META-INF/spring/datasource-tx-mybatis.xml]
[INFO] [2017-11-24 11:38:48][org.springframework.context.support.GenericApplicationContext]Refreshing org.springframework.context.support.GenericApplicationContext@5f375618: startup date [Fri Nov 24 11:38:48 CST 2017]; root of context hierarchy
[INFO] [2017-11-24 11:38:48][org.springframework.context.support.PropertySourcesPlaceholderConfigurer]Loading properties file from class path resource [jdbc.properties]
[INFO] [2017-11-24 11:38:48][org.springframework.beans.factory.annotation.AutowiredAnnotationBeanPostProcessor]JSR-330 'javax.inject.Inject' annotation found and supported for autowiring
[INFO] [2017-11-24 11:38:49][org.springframework.jdbc.datasource.embedded.EmbeddedDatabaseFactory]Creating embedded database 'dataSource'
[INFO] [2017-11-24 11:38:49][org.springframework.jdbc.datasource.init.ResourceDatabasePopulator]Executing SQL script from class path resource [META-INF/sql/schema.sql]
[INFO] [2017-11-24 11:38:49][org.springframework.jdbc.datasource.init.ResourceDatabasePopulator]Done executing SQL script from class path resource [META-INF/sql/schema.sql] in 79 ms.
[INFO] [2017-11-24 11:38:49][org.springframework.jdbc.datasource.init.ResourceDatabasePopulator]Executing SQL script from class path resource [META-INF/sql/test-data.sql]
[INFO] [2017-11-24 11:38:49][org.springframework.jdbc.datasource.init.ResourceDatabasePopulator]Done executing SQL script from class path resource [META-INF/sql/test-data.sql] in 4 ms.
[ERROR] [2017-11-24 11:38:50][org.springframework.test.context.TestContextManager]Caught exception while allowing TestExecutionListener [org.springframework.test.context.support.DependencyInjectionTestExecutionListener@15043a2f] to prepare test instance [com.cat.rufull.test.TestMyBatis@4a83a74a]
java.lang.IllegalStateException: Failed to load ApplicationContext
	at org.springframework.test.context.CacheAwareContextLoaderDelegate.loadContext(CacheAwareContextLoaderDelegate.java:99)
	at org.springframework.test.context.DefaultTestContext.getApplicationContext(DefaultTestContext.java:101)
	at org.springframework.test.context.support.DependencyInjectionTestExecutionListener.injectDependencies(DependencyInjectionTestExecutionListener.java:109)
	at org.springframework.test.context.support.DependencyInjectionTestExecutionListener.prepareTestInstance(DependencyInjectionTestExecutionListener.java:75)
	at org.springframework.test.context.TestContextManager.prepareTestInstance(TestContextManager.java:319)
	at org.springframework.test.context.junit4.SpringJUnit4ClassRunner.createTest(SpringJUnit4ClassRunner.java:212)
	at org.springframework.test.context.junit4.SpringJUnit4ClassRunner$1.runReflectiveCall(SpringJUnit4ClassRunner.java:289)
	at org.junit.internal.runners.model.ReflectiveCallable.run(ReflectiveCallable.java:12)
	at org.springframework.test.context.junit4.SpringJUnit4ClassRunner.methodBlock(SpringJUnit4ClassRunner.java:291)
	at org.springframework.test.context.junit4.SpringJUnit4ClassRunner.runChild(SpringJUnit4ClassRunner.java:232)
	at org.springframework.test.context.junit4.SpringJUnit4ClassRunner.runChild(SpringJUnit4ClassRunner.java:89)
	at org.junit.runners.ParentRunner$3.run(ParentRunner.java:238)
	at org.junit.runners.ParentRunner$1.schedule(ParentRunner.java:63)
	at org.junit.runners.ParentRunner.runChildren(ParentRunner.java:236)
	at org.junit.runners.ParentRunner.access$000(ParentRunner.java:53)
	at org.junit.runners.ParentRunner$2.evaluate(ParentRunner.java:229)
	at org.springframework.test.context.junit4.statements.RunBeforeTestClassCallbacks.evaluate(RunBeforeTestClassCallbacks.java:61)
	at org.springframework.test.context.junit4.statements.RunAfterTestClassCallbacks.evaluate(RunAfterTestClassCallbacks.java:71)
	at org.junit.runners.ParentRunner.run(ParentRunner.java:309)
	at org.springframework.test.context.junit4.SpringJUnit4ClassRunner.run(SpringJUnit4ClassRunner.java:175)
	at org.junit.runner.JUnitCore.run(JUnitCore.java:160)
	at com.intellij.junit4.JUnit4IdeaTestRunner.startRunnerWithArgs(JUnit4IdeaTestRunner.java:68)
	at com.intellij.rt.execution.junit.IdeaTestRunner$Repeater.startRunnerWithArgs(IdeaTestRunner.java:47)
	at com.intellij.rt.execution.junit.JUnitStarter.prepareStreamsAndStart(JUnitStarter.java:242)
	at com.intellij.rt.execution.junit.JUnitStarter.main(JUnitStarter.java:70)
Caused by: org.springframework.beans.factory.BeanCreationException: Error creating bean with name 'sqlSessionFactory' defined in class path resource [META-INF/spring/datasource-tx-mybatis.xml]: Invocation of init method failed; nested exception is org.springframework.core.NestedIOException: Failed to parse config resource: class path resource [mybatis-config.xml]; nested exception is org.apache.ibatis.builder.BuilderException: Error parsing SQL Mapper Configuration. Cause: org.apache.ibatis.builder.BuilderException: Error resolving class. Cause: org.apache.ibatis.type.TypeException: Could not resolve type alias 'com.github.pagehelper.PageHelper'.  Cause: java.lang.ClassNotFoundException: Cannot find class: com.github.pagehelper.PageHelper
	at org.springframework.beans.factory.support.AbstractAutowireCapableBeanFactory.initializeBean(AbstractAutowireCapableBeanFactory.java:1553)
	at org.springframework.beans.factory.support.AbstractAutowireCapableBeanFactory.doCreateBean(AbstractAutowireCapableBeanFactory.java:539)
	at org.springframework.beans.factory.support.AbstractAutowireCapableBeanFactory.createBean(AbstractAutowireCapableBeanFactory.java:475)
	at org.springframework.beans.factory.support.AbstractBeanFactory$1.getObject(AbstractBeanFactory.java:304)
	at org.springframework.beans.factory.support.DefaultSingletonBeanRegistry.getSingleton(DefaultSingletonBeanRegistry.java:228)
	at org.springframework.beans.factory.support.AbstractBeanFactory.doGetBean(AbstractBeanFactory.java:300)
	at org.springframework.beans.factory.support.AbstractBeanFactory.getBean(AbstractBeanFactory.java:195)
	at org.springframework.beans.factory.support.DefaultListableBeanFactory.preInstantiateSingletons(DefaultListableBeanFactory.java:681)
	at org.springframework.context.support.AbstractApplicationContext.finishBeanFactoryInitialization(AbstractApplicationContext.java:760)
	at org.springframework.context.support.AbstractApplicationContext.refresh(AbstractApplicationContext.java:482)
	at org.springframework.test.context.support.AbstractGenericContextLoader.loadContext(AbstractGenericContextLoader.java:121)
	at org.springframework.test.context.support.AbstractGenericContextLoader.loadContext(AbstractGenericContextLoader.java:60)
	at org.springframework.test.context.support.AbstractDelegatingSmartContextLoader.delegateLoading(AbstractDelegatingSmartContextLoader.java:100)
	at org.springframework.test.context.support.AbstractDelegatingSmartContextLoader.loadContext(AbstractDelegatingSmartContextLoader.java:250)
	at org.springframework.test.context.CacheAwareContextLoaderDelegate.loadContextInternal(CacheAwareContextLoaderDelegate.java:64)
	at org.springframework.test.context.CacheAwareContextLoaderDelegate.loadContext(CacheAwareContextLoaderDelegate.java:91)
	... 24 more
Caused by: org.springframework.core.NestedIOException: Failed to parse config resource: class path resource [mybatis-config.xml]; nested exception is org.apache.ibatis.builder.BuilderException: Error parsing SQL Mapper Configuration. Cause: org.apache.ibatis.builder.BuilderException: Error resolving class. Cause: org.apache.ibatis.type.TypeException: Could not resolve type alias 'com.github.pagehelper.PageHelper'.  Cause: java.lang.ClassNotFoundException: Cannot find class: com.github.pagehelper.PageHelper
	at org.mybatis.spring.SqlSessionFactoryBean.buildSqlSessionFactory(SqlSessionFactoryBean.java:434)
	at org.mybatis.spring.SqlSessionFactoryBean.afterPropertiesSet(SqlSessionFactoryBean.java:340)
	at org.springframework.beans.factory.support.AbstractAutowireCapableBeanFactory.invokeInitMethods(AbstractAutowireCapableBeanFactory.java:1612)
	at org.springframework.beans.factory.support.AbstractAutowireCapableBeanFactory.initializeBean(AbstractAutowireCapableBeanFactory.java:1549)
	... 39 more
Caused by: org.apache.ibatis.builder.BuilderException: Error parsing SQL Mapper Configuration. Cause: org.apache.ibatis.builder.BuilderException: Error resolving class. Cause: org.apache.ibatis.type.TypeException: Could not resolve type alias 'com.github.pagehelper.PageHelper'.  Cause: java.lang.ClassNotFoundException: Cannot find class: com.github.pagehelper.PageHelper
	at org.apache.ibatis.builder.xml.XMLConfigBuilder.parseConfiguration(XMLConfigBuilder.java:109)
	at org.apache.ibatis.builder.xml.XMLConfigBuilder.parse(XMLConfigBuilder.java:92)
	at org.mybatis.spring.SqlSessionFactoryBean.buildSqlSessionFactory(SqlSessionFactoryBean.java:428)
	... 42 more
Caused by: org.apache.ibatis.builder.BuilderException: Error resolving class. Cause: org.apache.ibatis.type.TypeException: Could not resolve type alias 'com.github.pagehelper.PageHelper'.  Cause: java.lang.ClassNotFoundException: Cannot find class: com.github.pagehelper.PageHelper
	at org.apache.ibatis.builder.BaseBuilder.resolveClass(BaseBuilder.java:103)
	at org.apache.ibatis.builder.xml.XMLConfigBuilder.pluginElement(XMLConfigBuilder.java:142)
	at org.apache.ibatis.builder.xml.XMLConfigBuilder.parseConfiguration(XMLConfigBuilder.java:100)
	... 44 more
Caused by: org.apache.ibatis.type.TypeException: Could not resolve type alias 'com.github.pagehelper.PageHelper'.  Cause: java.lang.ClassNotFoundException: Cannot find class: com.github.pagehelper.PageHelper
	at org.apache.ibatis.type.TypeAliasRegistry.resolveAlias(TypeAliasRegistry.java:117)
	at org.apache.ibatis.builder.BaseBuilder.resolveAlias(BaseBuilder.java:130)
	at org.apache.ibatis.builder.BaseBuilder.resolveClass(BaseBuilder.java:101)
	... 46 more
Caused by: java.lang.ClassNotFoundException: Cannot find class: com.github.pagehelper.PageHelper
	at org.apache.ibatis.io.ClassLoaderWrapper.classForName(ClassLoaderWrapper.java:190)
	at org.apache.ibatis.io.ClassLoaderWrapper.classForName(ClassLoaderWrapper.java:89)
	at org.apache.ibatis.io.Resources.classForName(Resources.java:256)
	at org.apache.ibatis.type.TypeAliasRegistry.resolveAlias(TypeAliasRegistry.java:113)
	... 48 more
[INFO] [2017-11-24 11:39:17][org.springframework.beans.factory.xml.XmlBeanDefinitionReader]Loading XML bean definitions from class path resource [META-INF/spring/root-context.xml]
[INFO] [2017-11-24 11:39:17][org.springframework.beans.factory.xml.XmlBeanDefinitionReader]Loading XML bean definitions from class path resource [META-INF/spring/datasource-tx-mybatis.xml]
[INFO] [2017-11-24 11:39:18][org.springframework.context.support.GenericApplicationContext]Refreshing org.springframework.context.support.GenericApplicationContext@5f375618: startup date [Fri Nov 24 11:39:18 CST 2017]; root of context hierarchy
[INFO] [2017-11-24 11:39:18][org.springframework.context.support.PropertySourcesPlaceholderConfigurer]Loading properties file from class path resource [jdbc.properties]
[INFO] [2017-11-24 11:39:18][org.springframework.beans.factory.annotation.AutowiredAnnotationBeanPostProcessor]JSR-330 'javax.inject.Inject' annotation found and supported for autowiring
[INFO] [2017-11-24 11:39:18][org.springframework.jdbc.datasource.embedded.EmbeddedDatabaseFactory]Creating embedded database 'dataSource'
[INFO] [2017-11-24 11:39:18][org.springframework.jdbc.datasource.init.ResourceDatabasePopulator]Executing SQL script from class path resource [META-INF/sql/schema.sql]
[INFO] [2017-11-24 11:39:18][org.springframework.jdbc.datasource.init.ResourceDatabasePopulator]Done executing SQL script from class path resource [META-INF/sql/schema.sql] in 38 ms.
[INFO] [2017-11-24 11:39:18][org.springframework.jdbc.datasource.init.ResourceDatabasePopulator]Executing SQL script from class path resource [META-INF/sql/test-data.sql]
[INFO] [2017-11-24 11:39:18][org.springframework.jdbc.datasource.init.ResourceDatabasePopulator]Done executing SQL script from class path resource [META-INF/sql/test-data.sql] in 3 ms.
[INFO] [2017-11-24 11:39:19][com.cat.rufull.test.TestMyBatis]User{id=1, userName='测试', password='sfasgfaf', age=24}
[INFO] [2017-11-24 11:39:19][org.springframework.context.support.GenericApplicationContext]Closing org.springframework.context.support.GenericApplicationContext@5f375618: startup date [Fri Nov 24 11:39:18 CST 2017]; root of context hierarchy
[INFO] [2017-11-24 11:46:37][org.springframework.beans.factory.xml.XmlBeanDefinitionReader]Loading XML bean definitions from class path resource [META-INF/spring/root-context.xml]
[INFO] [2017-11-24 11:46:37][org.springframework.beans.factory.xml.XmlBeanDefinitionReader]Loading XML bean definitions from class path resource [META-INF/spring/datasource-tx-mybatis.xml]
[INFO] [2017-11-24 11:46:37][org.springframework.context.support.GenericApplicationContext]Refreshing org.springframework.context.support.GenericApplicationContext@4439f31e: startup date [Fri Nov 24 11:46:37 CST 2017]; root of context hierarchy
[INFO] [2017-11-24 11:46:37][org.springframework.context.support.PropertySourcesPlaceholderConfigurer]Loading properties file from class path resource [jdbc.properties]
[INFO] [2017-11-24 11:46:37][org.springframework.beans.factory.annotation.AutowiredAnnotationBeanPostProcessor]JSR-330 'javax.inject.Inject' annotation found and supported for autowiring
[INFO] [2017-11-24 11:46:38][org.springframework.jdbc.datasource.embedded.EmbeddedDatabaseFactory]Creating embedded database 'dataSource'
[INFO] [2017-11-24 11:46:38][org.springframework.jdbc.datasource.init.ResourceDatabasePopulator]Executing SQL script from class path resource [META-INF/sql/schema.sql]
[INFO] [2017-11-24 11:46:38][org.springframework.jdbc.datasource.init.ResourceDatabasePopulator]Done executing SQL script from class path resource [META-INF/sql/schema.sql] in 57 ms.
[INFO] [2017-11-24 11:46:38][org.springframework.jdbc.datasource.init.ResourceDatabasePopulator]Executing SQL script from class path resource [META-INF/sql/test-data.sql]
[INFO] [2017-11-24 11:46:38][org.springframework.jdbc.datasource.init.ResourceDatabasePopulator]Done executing SQL script from class path resource [META-INF/sql/test-data.sql] in 5 ms.
[INFO] [2017-11-24 11:46:39][com.cat.rufull.test.TestMyBatis]User{id=1, userName='测试', password='sfasgfaf', age=24}
[INFO] [2017-11-24 11:46:39][org.springframework.context.support.GenericApplicationContext]Closing org.springframework.context.support.GenericApplicationContext@4439f31e: startup date [Fri Nov 24 11:46:37 CST 2017]; root of context hierarchy
